Using pre-set license
Built from '2020.3/staging' branch; Version is '2020.3.25f1 (9b9180224418) revision 10195328'; Using compiler version '192528614'; Build Type 'Release'
OS: 'Windows 10  (10.0.19043) 64bit Core' Language: 'en' Physical Memory: 32712 MB
BatchMode: 1, IsHumanControllingUs: 0, StartBugReporterOnCrash: 0, Is64bit: 1, IsPro: 0

COMMAND LINE ARGUMENTS:
C:\Program Files\Unity\Hub\Editor\2020.3.25f1\Editor\Unity.exe
-adb2
-batchMode
-noUpm
-name
AssetImportWorker0
-projectPath
C:/Users/colto/VGC 123/Winter2022CPP1
-logFile
Logs/AssetImportWorker0.log
-srvPort
51301
Successfully changed project path to: C:/Users/colto/VGC 123/Winter2022CPP1
C:/Users/colto/VGC 123/Winter2022CPP1
Using Asset Import Pipeline V2.
Refreshing native plugins compatible for Editor in 32.53 ms, found 3 plugins.
Preloading 0 native plugins for Editor in 0.00 ms.
Initialize engine version: 2020.3.25f1 (9b9180224418)
[Subsystems] Discovering subsystems at path C:/Program Files/Unity/Hub/Editor/2020.3.25f1/Editor/Data/Resources/UnitySubsystems
[Subsystems] Discovering subsystems at path C:/Users/colto/VGC 123/Winter2022CPP1/Assets
GfxDevice: creating device client; threaded=0
Direct3D:
    Version:  Direct3D 11.0 [level 11.1]
    Renderer: NVIDIA GeForce RTX 3060 (ID=0x2503)
    Vendor:   
    VRAM:     12143 MB
    Driver:   27.21.14.6677
Initialize mono
Mono path[0] = 'C:/Program Files/Unity/Hub/Editor/2020.3.25f1/Editor/Data/Managed'
Mono path[1] = 'C:/Program Files/Unity/Hub/Editor/2020.3.25f1/Editor/Data/MonoBleedingEdge/lib/mono/unityjit'
Mono config path = 'C:/Program Files/Unity/Hub/Editor/2020.3.25f1/Editor/Data/MonoBleedingEdge/etc'
Using monoOptions --debugger-agent=transport=dt_socket,embedding=1,server=y,suspend=n,address=127.0.0.1:56764
Begin MonoManager ReloadAssembly
Registering precompiled unity dll's ...
Register platform support module: C:/Program Files/Unity/Hub/Editor/2020.3.25f1/Editor/Data/PlaybackEngines/WindowsStandaloneSupport/UnityEditor.WindowsStandalone.Extensions.dll
Registered in 0.001615 seconds.
Native extension for WindowsStandalone target not found
Refreshing native plugins compatible for Editor in 30.77 ms, found 3 plugins.
Preloading 0 native plugins for Editor in 0.00 ms.
Mono: successfully reloaded assembly
- Completed reload, in  0.393 seconds
Domain Reload Profiling:
	ReloadAssembly (393ms)
		BeginReloadAssembly (38ms)
			ExecutionOrderSort (0ms)
			DisableScriptedObjects (0ms)
			BackupInstance (0ms)
			ReleaseScriptingObjects (0ms)
			CreateAndSetChildDomain (1ms)
		EndReloadAssembly (303ms)
			LoadAssemblies (36ms)
			RebuildTransferFunctionScriptingTraits (0ms)
			SetupTypeCache (95ms)
			ReleaseScriptCaches (0ms)
			RebuildScriptCaches (18ms)
			SetupLoadedEditorAssemblies (120ms)
				LogAssemblyErrors (0ms)
				InitializePlatformSupportModulesInManaged (3ms)
				SetLoadedEditorAssemblies (0ms)
				RefreshPlugins (31ms)
				BeforeProcessingInitializeOnLoad (12ms)
				ProcessInitializeOnLoadAttributes (55ms)
				ProcessInitializeOnLoadMethodAttributes (19ms)
				AfterProcessingInitializeOnLoad (0ms)
				EditorAssembliesLoaded (0ms)
			ExecutionOrderSort2 (0ms)
			AwakeInstancesAfterBackupRestoration (0ms)
Platform modules already initialized, skipping
Registering precompiled user dll's ...
Registered in 0.003636 seconds.
Begin MonoManager ReloadAssembly
Native extension for WindowsStandalone target not found
Refreshing native plugins compatible for Editor in 30.54 ms, found 3 plugins.
Preloading 0 native plugins for Editor in 0.00 ms.
Mono: successfully reloaded assembly
- Completed reload, in  0.741 seconds
Domain Reload Profiling:
	ReloadAssembly (742ms)
		BeginReloadAssembly (94ms)
			ExecutionOrderSort (0ms)
			DisableScriptedObjects (3ms)
			BackupInstance (0ms)
			ReleaseScriptingObjects (0ms)
			CreateAndSetChildDomain (16ms)
		EndReloadAssembly (605ms)
			LoadAssemblies (64ms)
			RebuildTransferFunctionScriptingTraits (0ms)
			SetupTypeCache (192ms)
			ReleaseScriptCaches (0ms)
			RebuildScriptCaches (30ms)
			SetupLoadedEditorAssemblies (241ms)
				LogAssemblyErrors (0ms)
				InitializePlatformSupportModulesInManaged (3ms)
				SetLoadedEditorAssemblies (0ms)
				RefreshPlugins (31ms)
				BeforeProcessingInitializeOnLoad (59ms)
				ProcessInitializeOnLoadAttributes (132ms)
				ProcessInitializeOnLoadMethodAttributes (12ms)
				AfterProcessingInitializeOnLoad (5ms)
				EditorAssembliesLoaded (0ms)
			ExecutionOrderSort2 (0ms)
			AwakeInstancesAfterBackupRestoration (4ms)
Platform modules already initialized, skipping
========================================================================
Worker process is ready to serve import requests
Launched and connected shader compiler UnityShaderCompiler.exe after 0.05 seconds
Refreshing native plugins compatible for Editor in 0.52 ms, found 3 plugins.
Preloading 0 native plugins for Editor in 0.00 ms.
Unloading 2204 Unused Serialized files (Serialized files now loaded: 0)
System memory in use before: 96.0 MB.
System memory in use after: 96.1 MB.

Unloading 28 unused Assets to reduce memory usage. Loaded Objects now: 2637.
Total: 2.794500 ms (FindLiveObjects: 0.163100 ms CreateObjectMapping: 0.063400 ms MarkObjects: 2.511900 ms  DeleteObjects: 0.055000 ms)

AssetImportParameters requested are different than current active one (requested -> active):
  custom:framework-win-MediaFoundation: 216162199b28c13a410421893ffa2e32 -> 
  custom:video-decoder-ogg-theora: a1e56fd34408186e4bbccfd4996cb3dc -> 
  custom:container-muxer-webm: aa71ff27fc2769a1b78a27578f13a17b -> 
  custom:container-demuxer-webm: 4f35f7cbe854078d1ac9338744f61a02 -> 
  custom:container-demuxer-ogg: 62fdf1f143b41e24485cea50d1cbac27 -> 
  custom:video-encoder-webm-vp8: eb34c28f22e8b96e1ab97ce403110664 -> 
  custom:video-decoder-webm-vp8: 9c59270c3fd7afecdb556c50c9e8de78 -> 
  custom:audio-decoder-ogg-vorbis: bf7c407c2cedff20999df2af8eb42d56 -> 
  custom:audio-encoder-webm-vorbis: bf7c407c2cedff20999df2af8eb42d56 -> 
========================================================================
Received Import Request.
  path: Assets/Scripts/Enemy/EnemyWalker.cs
  artifactKey: Guid(833b883b0cc488f4086817e5220eecbd) Importer(815301076,1909f56bfc062723c751e8b465ee728b)
Start importing Assets/Scripts/Enemy/EnemyWalker.cs using Guid(833b883b0cc488f4086817e5220eecbd) Importer(815301076,1909f56bfc062723c751e8b465ee728b)  -> (artifact id: '72050333737150868bab3425279c7e47') in 0.030430 seconds 
  Import took 0.033337 seconds .

========================================================================
Received Import Request.
  Time since last request: 342.931541 seconds.
  path: Assets/Scripts/Enemy/EnemyWalker.cs
  artifactKey: Guid(833b883b0cc488f4086817e5220eecbd) Importer(815301076,1909f56bfc062723c751e8b465ee728b)
Start importing Assets/Scripts/Enemy/EnemyWalker.cs using Guid(833b883b0cc488f4086817e5220eecbd) Importer(815301076,1909f56bfc062723c751e8b465ee728b)  -> (artifact id: 'd4619fa25ebfcc7e9e93b1ba761c3dc3') in 0.002154 seconds 
  Import took 0.005375 seconds .

========================================================================
Received Import Request.
  Time since last request: 157.988289 seconds.
  path: Assets/Prefabs/Health.prefab
  artifactKey: Guid(b9d7ddcfe49016d4b99c8dae089d8fed) Importer(815301076,1909f56bfc062723c751e8b465ee728b)
Start importing Assets/Prefabs/Health.prefab using Guid(b9d7ddcfe49016d4b99c8dae089d8fed) Importer(815301076,1909f56bfc062723c751e8b465ee728b)  -> (artifact id: 'be9809ebe4b94467603a7bf902332cf9') in 0.075334 seconds 
  Import took 0.078660 seconds .

========================================================================
Received Import Request.
  Time since last request: 0.000130 seconds.
  path: Assets/Prefabs/Powerup.prefab
  artifactKey: Guid(83845f55649a7ec4fafad1858dbbf875) Importer(815301076,1909f56bfc062723c751e8b465ee728b)
Start importing Assets/Prefabs/Powerup.prefab using Guid(83845f55649a7ec4fafad1858dbbf875) Importer(815301076,1909f56bfc062723c751e8b465ee728b)  -> (artifact id: '3d4a7ab5057ecfe956d6c1421c268a81') in 0.023968 seconds 
  Import took 0.026606 seconds .

========================================================================
Received Import Request.
  Time since last request: 0.000145 seconds.
  path: Assets/Prefabs/Mega Man Bullet.prefab
  artifactKey: Guid(76f4673f85415ec438a272262ced7b69) Importer(815301076,1909f56bfc062723c751e8b465ee728b)
Start importing Assets/Prefabs/Mega Man Bullet.prefab using Guid(76f4673f85415ec438a272262ced7b69) Importer(815301076,1909f56bfc062723c751e8b465ee728b)  -> (artifact id: '8ff0fe818c01734ca050a007cce132e8') in 0.017559 seconds 
  Import took 0.020861 seconds .

========================================================================
Received Import Request.
  Time since last request: 182.596686 seconds.
  path: Assets/Sprites/Enemy/Custom Edited - Mega Man Customs - Cut Man Mega Man X-Style.png
  artifactKey: Guid(abd4608a35a8d9142bbece28f4116798) Importer(815301076,1909f56bfc062723c751e8b465ee728b)
Start importing Assets/Sprites/Enemy/Custom Edited - Mega Man Customs - Cut Man Mega Man X-Style.png using Guid(abd4608a35a8d9142bbece28f4116798) Importer(815301076,1909f56bfc062723c751e8b465ee728b)  -> (artifact id: '81aad9e976dceb19cc4c89ec330f3441') in 0.032581 seconds 
  Import took 0.035926 seconds .

========================================================================
Received Import Request.
  Time since last request: 286.665082 seconds.
  path: Assets/Sprites/Enemy/Custom Edited - Mega Man Customs - Cut Man Mega Man X-Style.png
  artifactKey: Guid(abd4608a35a8d9142bbece28f4116798) Importer(815301076,1909f56bfc062723c751e8b465ee728b)
Start importing Assets/Sprites/Enemy/Custom Edited - Mega Man Customs - Cut Man Mega Man X-Style.png using Guid(abd4608a35a8d9142bbece28f4116798) Importer(815301076,1909f56bfc062723c751e8b465ee728b)  -> (artifact id: '60b571d0cea935d9eef46d0fea71f0b6') in 0.028456 seconds 
  Import took 0.031963 seconds .

========================================================================
Received Import Request.
  Time since last request: 15.799480 seconds.
  path: Assets/Sprites/Enemy/Custom Edited - Mega Man Customs - Cut Man Mega Man X-Style.png
  artifactKey: Guid(abd4608a35a8d9142bbece28f4116798) Importer(815301076,1909f56bfc062723c751e8b465ee728b)
Start importing Assets/Sprites/Enemy/Custom Edited - Mega Man Customs - Cut Man Mega Man X-Style.png using Guid(abd4608a35a8d9142bbece28f4116798) Importer(815301076,1909f56bfc062723c751e8b465ee728b)  -> (artifact id: 'caff82157ca4d7b0f79a0ea3ccf9ab41') in 0.043572 seconds 
  Import took 0.047363 seconds .

========================================================================
Received Import Request.
  Time since last request: 53.487423 seconds.
  path: Assets/Sprites/Enemy/NES - Mega Man - Ice Man.png
  artifactKey: Guid(aec5c6bbfb7c8a34983cbff026b1f087) Importer(815301076,1909f56bfc062723c751e8b465ee728b)
Start importing Assets/Sprites/Enemy/NES - Mega Man - Ice Man.png using Guid(aec5c6bbfb7c8a34983cbff026b1f087) Importer(815301076,1909f56bfc062723c751e8b465ee728b)  -> (artifact id: '5c768495e15fa73a24a4083ef9f9fa44') in 0.012117 seconds 
  Import took 0.015980 seconds .

========================================================================
Received Import Request.
  Time since last request: 36.331529 seconds.
  path: Assets/Sprites/Enemy/Custom Edited - Mega Man Customs - Snake Man Mega Man 7-Style.png
  artifactKey: Guid(036b53e44a7c3924d8ef9bf3df63b4fb) Importer(815301076,1909f56bfc062723c751e8b465ee728b)
Start importing Assets/Sprites/Enemy/Custom Edited - Mega Man Customs - Snake Man Mega Man 7-Style.png using Guid(036b53e44a7c3924d8ef9bf3df63b4fb) Importer(815301076,1909f56bfc062723c751e8b465ee728b)  -> (artifact id: '399033d56d200b3bb1f0514a17a55044') in 0.013613 seconds 
  Import took 0.017298 seconds .

========================================================================
Received Import Request.
  Time since last request: 37.926113 seconds.
  path: Assets/Sprites/Enemy/Custom Edited - Mega Man Customs - Snake Man Mega Man 7-Style.png
  artifactKey: Guid(036b53e44a7c3924d8ef9bf3df63b4fb) Importer(815301076,1909f56bfc062723c751e8b465ee728b)
Start importing Assets/Sprites/Enemy/Custom Edited - Mega Man Customs - Snake Man Mega Man 7-Style.png using Guid(036b53e44a7c3924d8ef9bf3df63b4fb) Importer(815301076,1909f56bfc062723c751e8b465ee728b)  -> (artifact id: '91a5baa3c8e7369a39a33279bfaf52cc') in 0.034974 seconds 
  Import took 0.038628 seconds .

========================================================================
Received Import Request.
  Time since last request: 55.299387 seconds.
  path: Assets/Sprites/Enemy
  artifactKey: Guid(3a10ffa6e00ffce46a714d5af9155979) Importer(815301076,1909f56bfc062723c751e8b465ee728b)
Start importing Assets/Sprites/Enemy using Guid(3a10ffa6e00ffce46a714d5af9155979) Importer(815301076,1909f56bfc062723c751e8b465ee728b)  -> (artifact id: '1c42c7b482f8abdfa17d1f49740c3dec') in 0.006293 seconds 
  Import took 0.009428 seconds .

========================================================================
Received Import Request.
  Time since last request: 440.124301 seconds.
  path: Assets/Sprites/Enemy/Slime/slime-Sheet.png
  artifactKey: Guid(3852235741b76c24a87f67f9c6864229) Importer(815301076,1909f56bfc062723c751e8b465ee728b)
Start importing Assets/Sprites/Enemy/Slime/slime-Sheet.png using Guid(3852235741b76c24a87f67f9c6864229) Importer(815301076,1909f56bfc062723c751e8b465ee728b)  -> (artifact id: '98055dcd36def2656088b98a8ae380f4') in 0.012564 seconds 
  Import took 0.016067 seconds .

========================================================================
Received Import Request.
  Time since last request: 23.187343 seconds.
  path: Assets/Sprites/Enemy/Slime/slime-Sheet.png
  artifactKey: Guid(3852235741b76c24a87f67f9c6864229) Importer(815301076,1909f56bfc062723c751e8b465ee728b)
Start importing Assets/Sprites/Enemy/Slime/slime-Sheet.png using Guid(3852235741b76c24a87f67f9c6864229) Importer(815301076,1909f56bfc062723c751e8b465ee728b)  -> (artifact id: '41391a5235dc5b8eb7b3abb184b58b0f') in 0.010124 seconds 
  Import took 0.013414 seconds .

========================================================================
Received Import Request.
  Time since last request: 50.806696 seconds.
  path: Assets/Sprites/Enemy/Slime/slime-Sheet.png
  artifactKey: Guid(3852235741b76c24a87f67f9c6864229) Importer(815301076,1909f56bfc062723c751e8b465ee728b)
Start importing Assets/Sprites/Enemy/Slime/slime-Sheet.png using Guid(3852235741b76c24a87f67f9c6864229) Importer(815301076,1909f56bfc062723c751e8b465ee728b)  -> (artifact id: '9f5d26a7082909e09b5513c075b55aa1') in 0.040721 seconds 
  Import took 0.043865 seconds .

========================================================================
Received Import Request.
  Time since last request: 4.774943 seconds.
  path: Assets/Sprites/Enemy/Slime/slime-Sheet.png
  artifactKey: Guid(3852235741b76c24a87f67f9c6864229) Importer(815301076,1909f56bfc062723c751e8b465ee728b)
Start importing Assets/Sprites/Enemy/Slime/slime-Sheet.png using Guid(3852235741b76c24a87f67f9c6864229) Importer(815301076,1909f56bfc062723c751e8b465ee728b)  -> (artifact id: '0af07acefc96927e7183982ba42c4c81') in 0.022436 seconds 
  Import took 0.025371 seconds .

========================================================================
Received Import Request.
  Time since last request: 403.968863 seconds.
  path: ProjectSettings/TagManager.asset
  artifactKey: Guid(00000000000000003000000000000000) Importer(815301076,1909f56bfc062723c751e8b465ee728b)
Start importing ProjectSettings/TagManager.asset using Guid(00000000000000003000000000000000) Importer(815301076,1909f56bfc062723c751e8b465ee728b)  -> (artifact id: '0fc56edc3895c533dadcdfe5b32c78ba') in 0.008194 seconds 
  Import took 0.011690 seconds .

========================================================================
Received Prepare
Registering precompiled user dll's ...
Registered in 0.003365 seconds.
Begin MonoManager ReloadAssembly
Native extension for WindowsStandalone target not found
Refreshing native plugins compatible for Editor in 0.52 ms, found 3 plugins.
Preloading 0 native plugins for Editor in 0.00 ms.
Mono: successfully reloaded assembly
- Completed reload, in  0.687 seconds
Domain Reload Profiling:
	ReloadAssembly (688ms)
		BeginReloadAssembly (96ms)
			ExecutionOrderSort (0ms)
			DisableScriptedObjects (4ms)
			BackupInstance (0ms)
			ReleaseScriptingObjects (0ms)
			CreateAndSetChildDomain (32ms)
		EndReloadAssembly (548ms)
			LoadAssemblies (65ms)
			RebuildTransferFunctionScriptingTraits (0ms)
			SetupTypeCache (189ms)
			ReleaseScriptCaches (1ms)
			RebuildScriptCaches (26ms)
			SetupLoadedEditorAssemblies (206ms)
				LogAssemblyErrors (0ms)
				InitializePlatformSupportModulesInManaged (3ms)
				SetLoadedEditorAssemblies (0ms)
				RefreshPlugins (1ms)
				BeforeProcessingInitializeOnLoad (58ms)
				ProcessInitializeOnLoadAttributes (131ms)
				ProcessInitializeOnLoadMethodAttributes (8ms)
				AfterProcessingInitializeOnLoad (5ms)
				EditorAssembliesLoaded (0ms)
			ExecutionOrderSort2 (0ms)
			AwakeInstancesAfterBackupRestoration (6ms)
Platform modules already initialized, skipping
Refreshing native plugins compatible for Editor in 0.52 ms, found 3 plugins.
Preloading 0 native plugins for Editor in 0.00 ms.
Unloading 2193 Unused Serialized files (Serialized files now loaded: 0)
System memory in use before: 98.4 MB.
System memory in use after: 98.5 MB.

Unloading 18 unused Assets to reduce memory usage. Loaded Objects now: 2682.
Total: 3.078500 ms (FindLiveObjects: 0.335300 ms CreateObjectMapping: 0.080000 ms MarkObjects: 2.642500 ms  DeleteObjects: 0.019800 ms)

AssetImportParameters requested are different than current active one (requested -> active):
  custom:framework-win-MediaFoundation: 216162199b28c13a410421893ffa2e32 -> 
  custom:video-decoder-ogg-theora: a1e56fd34408186e4bbccfd4996cb3dc -> 
  custom:container-muxer-webm: aa71ff27fc2769a1b78a27578f13a17b -> 
  custom:container-demuxer-webm: 4f35f7cbe854078d1ac9338744f61a02 -> 
  custom:container-demuxer-ogg: 62fdf1f143b41e24485cea50d1cbac27 -> 
  custom:video-encoder-webm-vp8: eb34c28f22e8b96e1ab97ce403110664 -> 
  custom:video-decoder-webm-vp8: 9c59270c3fd7afecdb556c50c9e8de78 -> 
  custom:audio-decoder-ogg-vorbis: bf7c407c2cedff20999df2af8eb42d56 -> 
  custom:audio-encoder-webm-vorbis: bf7c407c2cedff20999df2af8eb42d56 -> 
========================================================================
Received Import Request.
  Time since last request: 418.766556 seconds.
  path: Assets/Sprites/Background/Pickup/Powerup.controller
  artifactKey: Guid(a6ed2d8a12df0ac42a80cd7570fe919a) Importer(815301076,1909f56bfc062723c751e8b465ee728b)
Start importing Assets/Sprites/Background/Pickup/Powerup.controller using Guid(a6ed2d8a12df0ac42a80cd7570fe919a) Importer(815301076,1909f56bfc062723c751e8b465ee728b)  -> (artifact id: '8c5c542136969d6b8832fc46a4c6aba0') in 0.015198 seconds 
  Import took 0.018417 seconds .

========================================================================
Received Prepare
Registering precompiled user dll's ...
Registered in 0.005923 seconds.
Begin MonoManager ReloadAssembly
Native extension for WindowsStandalone target not found
Refreshing native plugins compatible for Editor in 0.55 ms, found 3 plugins.
Preloading 0 native plugins for Editor in 0.00 ms.
Mono: successfully reloaded assembly
- Completed reload, in  0.765 seconds
Domain Reload Profiling:
	ReloadAssembly (766ms)
		BeginReloadAssembly (104ms)
			ExecutionOrderSort (0ms)
			DisableScriptedObjects (5ms)
			BackupInstance (0ms)
			ReleaseScriptingObjects (0ms)
			CreateAndSetChildDomain (35ms)
		EndReloadAssembly (616ms)
			LoadAssemblies (68ms)
			RebuildTransferFunctionScriptingTraits (0ms)
			SetupTypeCache (211ms)
			ReleaseScriptCaches (1ms)
			RebuildScriptCaches (29ms)
			SetupLoadedEditorAssemblies (233ms)
				LogAssemblyErrors (0ms)
				InitializePlatformSupportModulesInManaged (4ms)
				SetLoadedEditorAssemblies (0ms)
				RefreshPlugins (1ms)
				BeforeProcessingInitializeOnLoad (67ms)
				ProcessInitializeOnLoadAttributes (146ms)
				ProcessInitializeOnLoadMethodAttributes (9ms)
				AfterProcessingInitializeOnLoad (6ms)
				EditorAssembliesLoaded (0ms)
			ExecutionOrderSort2 (0ms)
			AwakeInstancesAfterBackupRestoration (8ms)
Platform modules already initialized, skipping
Refreshing native plugins compatible for Editor in 0.55 ms, found 3 plugins.
Preloading 0 native plugins for Editor in 0.00 ms.
Unloading 2193 Unused Serialized files (Serialized files now loaded: 0)
System memory in use before: 98.5 MB.
System memory in use after: 98.6 MB.

Unloading 17 unused Assets to reduce memory usage. Loaded Objects now: 2684.
Total: 2.933900 ms (FindLiveObjects: 0.204100 ms CreateObjectMapping: 0.075600 ms MarkObjects: 2.635900 ms  DeleteObjects: 0.017200 ms)

AssetImportParameters requested are different than current active one (requested -> active):
  custom:framework-win-MediaFoundation: 216162199b28c13a410421893ffa2e32 -> 
  custom:video-decoder-ogg-theora: a1e56fd34408186e4bbccfd4996cb3dc -> 
  custom:container-muxer-webm: aa71ff27fc2769a1b78a27578f13a17b -> 
  custom:container-demuxer-webm: 4f35f7cbe854078d1ac9338744f61a02 -> 
  custom:container-demuxer-ogg: 62fdf1f143b41e24485cea50d1cbac27 -> 
  custom:video-encoder-webm-vp8: eb34c28f22e8b96e1ab97ce403110664 -> 
  custom:video-decoder-webm-vp8: 9c59270c3fd7afecdb556c50c9e8de78 -> 
  custom:audio-decoder-ogg-vorbis: bf7c407c2cedff20999df2af8eb42d56 -> 
  custom:audio-encoder-webm-vorbis: bf7c407c2cedff20999df2af8eb42d56 -> 
AssetImportWorkerClient::OnTransportError - code=2 error=End of file
